899020173
907706361
906767936
915340906
901568304
901568304
901514094
901514094
901994230
917653821
915999922
902874932
902620928
915999922
902620928
915584995
968717799
975654417
901514094
901994230
896870374
915999922
913859600
915584995
901688285
913859600
915340906
905928580
941659051
915999922
902620928
915975960
901994230
918411297
901688285
899020173
915584995
905928580
964396371
982090942
900112590
899020173
901568304
902620928
918411297
899878107
899878107
913859600
900112590
915975960
918411297
-1
901688285
907706361
918411297
899020173
915999922
901514094
915584995
986492110
902620928
901688285
901568304
907706361
939398158
905928580
901514094
918411297
901568304
906767936
901568304
901994230
896870374
900112590
915975960
902620928
902874932
899878107
925230874
906767936
899020173
899020173
932459949
896870374
915584995
918411297
901514094
915975960
918411297
918411297
901514094
900112590
982468804
901994230
901514094
902620928
906767936
907706361
915975960
906767936
