903380775
899128946
907103096
912728385
897975624
911315459
967204480
896085738
969860915
909518976
910902538
903380775
897975624
908375745
912420957
897619107
900140106
909272763
913411612
913600827
907877168
908205772
908992904
901594925
893530988
911334815
900044222
909845153
905065641
909308115
900140106
913022075
913411612
904524578
911403229
894431568
925837635
912977753
905337000
897516630
909106679
954252038
900140106
904457663
913600827
900354599
899859380
912974138
913600827
909845153
893857928
901508841
898240406
905955761
894431568
897570063
975308563
909272763
897975624
991873626
905955761
912007747
973059625
900044222
902562661
903380775
909518976
910143482
912685398
912977753
898377576
891354682
899128946
908992904
913022075
905065641
910231733
912974138
893857928
903668637
896697174
903359038
911403229
901682829
893530988
893737034
912007747
904457663
899128946
899203387
904524578
910344481
912420957
903380775
898289841
898377576
907103096
912007747
903668637
899889421
901508841
899859380
910526259
908958129
909308115
910798012
910238727
912855090
906808002
910238727
896727283
905908377
904457663
896697174
903359038
904524578
901682829
899636222
899203387
912007747
897619107
907174422
905065641
906808002
909106679
910143482
912977753
907174422
910238727
899128946
908375745
900964589
910630868
909272763
893857928
912685398
908375745
913411612
898377576
905908377
957070096
903359038
906749314
893292610
900044222
911403229
910798012
909887790
911656767
903668637
906608191
-1
902816742
902562661
900044222
-1
893737034
913411612
899636222
903380775
897975624
931111408
910231733
910630868
902321462
913411612
987465009
899782589
894727848
906749314
895453788
905908377
894727848
997415165
-1
904457663
911754593
910526259
899889421
908958129
897570063
904457663
913411612
907103096
906089669
908375745
909845153
911754593
909887790
910238727
908992904
891354682
946374415
898289841
905337000
909272763
898377576
904457663
901594925
903467084
906089669
908205772
913411612
904695143
909887790
900964589
905908377
902562661
911569622
927184721
990113181
900964589
905908377
901682829
913022075
898289841
907877168
908992904
909308115
897516630
900964589
901508841
942910910
896727283
907934465
900140106
896727283
902321462
904524578
934554238
896697174
910344481
902816742
893737034
910798012
907877168
899859380
906608191
909290131
910238727
907934465
903380775
894727848
907877168
891354682
898240406
893292610
905762941
910526259
-1
909290131
912728385
898289841
897570063
965761321
911656767
910630868
903668637
906749314
902816742
913455054
900044222
959351778
905955761
913022075
901594925
900903387
910238727
903359038
907877168
905337000
910344481
900044222
893857928
910630868
902766157
904457663
898277022
902321462
904524578
912974138
910630868
901508841
898240406
910084025
905955761
-1
907174422
899859380
987710693
912855090
931094072
912685398
893737034
906749314
896085738
897975624
-1
899782589
911315459
897619107
904695143
913600827
909272763
912728385
950505054
907877168
906089669
912007747
905065641
913022075
913600827
898377576
911512558
909308115
896155824
987218536
913600827
907103096
909308115
899889421
907934465
912855090
905762941
902562661
899889421
911512558
900140106
900964589
899203387
909845153
905762941
901508841
902816742
897619107
911656767
896727283
893292610
905065641
934398363
908375745
912855090
906608191
909308115
900903387
894727848
897619107
907174422
905908377
899636222
909887790
904695143
896085738
907103096
912728385
900354599
902321462
913411612
893530988
910902538
899889421
917582917
909290131
911403229
912685398
960380381
899636222
896727283
910902538
912685398
913455054
908205772
896085738
911512558
943224795
900964589
906089669
941609375
905065641
910231733
893530988
909290131
898289841
944046681
912855090
897516630
911656767
908205772
904457663
898277022
900044222
903668637
-1
911334815
911315459
911569622
911512558
947395047
903668637
899889421
896727283
931618311
907103096
957053828
909845153
901682829
900044222
896085738
896155824
896085738
918360414
893292610
912685398
893857928
909518976
902766157
913600827
908992904
909290131
912977753
907103096
902321462
893737034
896085738
910630868
899782589
910084025
912977753
910231733
909887790
895453788
910127788
912420957
990113181
896697174
905908377
909106679
910238727
908992904
893292610
910878810
912977753
910238727
907877168
911403229
893530988
904524578
896155824
895453788
913600827
902766157
909290131
898277022
897975624
910878810
897499545
902321462
896155824
893530988
910127788
898277022
907174422
911754593
911334815
909106679
899128946
909272763
930897422
910231733
910630868
906089669
903359038
905762941
912728385
902321462
909845153
899128946
910344481
908205772
898240406
-1
891354682
902766157
905065641
910526259
985602314
911656767
982670621
907103096
910878810
905955761
912685398
899859380
910238727
900140106
896697174
905908377
913411612
906749314
900044222
